<?xml version="1.0" encoding="UTF-8"?>
<testng-results skipped="0" failed="0" total="1" passed="1">
  <reporter-output>
  </reporter-output>
  <suite name="Default suite" duration-ms="8530" started-at="2016-06-29T09:12:19Z" finished-at="2016-06-29T09:12:27Z">
    <groups>
    </groups>
    <test name="Default test" duration-ms="8530" started-at="2016-06-29T09:12:19Z" finished-at="2016-06-29T09:12:27Z">
      <class name="com.mycompany.FirstWebDriverProject.TestWebDriver">
        <test-method status="PASS" signature="startWebDriver()[pri:0, instance:com.mycompany.FirstWebDriverProject.TestWebDriver@17fd0e6]" name="startWebDriver" duration-ms="8497" started-at="2016-06-29T14:42:19Z" finished-at="2016-06-29T14:42:27Z">
          <reporter-output>
          </reporter-output>
        </test-method> <!-- startWebDriver -->
      </class> <!-- com.mycompany.FirstWebDriverProject.TestWebDriver -->
    </test> <!-- Default test -->
  </suite> <!-- Default suite -->
</testng-results>
