<?xml version="1.0" encoding="UTF-8"?>
<testng-results skipped="0" failed="0" total="1" passed="1">
  <reporter-output>
  </reporter-output>
  <suite name="Default suite" duration-ms="22503" started-at="2016-07-01T09:23:09Z" finished-at="2016-07-01T09:23:31Z">
    <groups>
    </groups>
    <test name="Default test" duration-ms="22503" started-at="2016-07-01T09:23:09Z" finished-at="2016-07-01T09:23:31Z">
      <class name="TakingScreenshot">
        <test-method status="PASS" signature="DoTest()[pri:0, instance:TakingScreenshot@1ce4f0a]" name="DoTest" duration-ms="22411" started-at="2016-07-01T14:53:09Z" finished-at="2016-07-01T14:53:31Z">
          <reporter-output>
          </reporter-output>
        </test-method> <!-- DoTest -->
      </class> <!-- TakingScreenshot -->
    </test> <!-- Default test -->
  </suite> <!-- Default suite -->
</testng-results>
